Aug 10 2021 09:14:42
{"Number":8,"Message":"ob_end_flush(): Failed to delete and flush buffer. No buffer to delete or flush","File":"C:\\xampp\\htdocs\\wordpress\\wp-content\\plugins\\relative-url\\relative-url.php","Line":133}

Aug 10 2021 09:14:42
{"type":2,"message":"Undefined array key \"page\"","file":"C:\\xampp\\htdocs\\wordpress\\wp-content\\plugins\\gallery-videos\\index.php","line":59}

Aug 10 2021 09:14:47
{"Number":8,"Message":"ob_end_flush(): Failed to delete and flush buffer. No buffer to delete or flush","File":"C:\\xampp\\htdocs\\wordpress\\wp-content\\plugins\\relative-url\\relative-url.php","Line":133}

Aug 10 2021 09:14:47
{"type":2,"message":"Undefined array key \"page\"","file":"C:\\xampp\\htdocs\\wordpress\\wp-content\\plugins\\gallery-videos\\index.php","line":59}

Aug 10 2021 09:14:49
{"Number":8,"Message":"ob_end_flush(): Failed to delete and flush buffer. No buffer to delete or flush","File":"C:\\xampp\\htdocs\\wordpress\\wp-content\\plugins\\relative-url\\relative-url.php","Line":133}

Aug 10 2021 09:14:49
{"Number":8,"Message":"ob_end_flush(): Failed to delete and flush buffer. No buffer to delete or flush","File":"C:\\xampp\\htdocs\\wordpress\\wp-content\\plugins\\relative-url\\relative-url.php","Line":133}

Aug 10 2021 09:14:49
{"type":2,"message":"Undefined array key \"page\"","file":"C:\\xampp\\htdocs\\wordpress\\wp-content\\plugins\\gallery-videos\\index.php","line":59}

Aug 10 2021 09:14:49
{"type":2,"message":"Undefined array key \"page\"","file":"C:\\xampp\\htdocs\\wordpress\\wp-content\\plugins\\gallery-videos\\index.php","line":59}

Aug 10 2021 09:14:50
{"Number":8,"Message":"ob_end_flush(): Failed to delete and flush buffer. No buffer to delete or flush","File":"C:\\xampp\\htdocs\\wordpress\\wp-content\\plugins\\relative-url\\relative-url.php","Line":133}

Aug 10 2021 09:14:50
{"type":2,"message":"Undefined array key \"page\"","file":"C:\\xampp\\htdocs\\wordpress\\wp-content\\plugins\\gallery-videos\\index.php","line":59}

Aug 10 2021 09:14:51
{"Number":8,"Message":"ob_end_flush(): Failed to delete and flush buffer. No buffer to delete or flush","File":"C:\\xampp\\htdocs\\wordpress\\wp-content\\plugins\\relative-url\\relative-url.php","Line":133}

Aug 10 2021 09:14:51
{"type":2,"message":"Undefined array key \"page\"","file":"C:\\xampp\\htdocs\\wordpress\\wp-content\\plugins\\gallery-videos\\index.php","line":59}

Aug 10 2021 09:14:52
{"Number":8,"Message":"ob_end_flush(): Failed to delete and flush buffer. No buffer to delete or flush","File":"C:\\xampp\\htdocs\\wordpress\\wp-content\\plugins\\relative-url\\relative-url.php","Line":133}

Aug 10 2021 09:14:53
{"type":2,"message":"Undefined array key \"page\"","file":"C:\\xampp\\htdocs\\wordpress\\wp-content\\plugins\\gallery-videos\\index.php","line":59}

Aug 10 2021 09:14:53
{"Number":8,"Message":"ob_end_flush(): Failed to delete and flush buffer. No buffer to delete or flush","File":"C:\\xampp\\htdocs\\wordpress\\wp-content\\plugins\\relative-url\\relative-url.php","Line":133}

Aug 10 2021 09:14:53
{"type":2,"message":"Undefined array key \"page\"","file":"C:\\xampp\\htdocs\\wordpress\\wp-content\\plugins\\gallery-videos\\index.php","line":59}

Aug 10 2021 09:14:54
{"Number":8,"Message":"ob_end_flush(): Failed to delete and flush buffer. No buffer to delete or flush","File":"C:\\xampp\\htdocs\\wordpress\\wp-content\\plugins\\relative-url\\relative-url.php","Line":133}

Aug 10 2021 09:14:54
{"type":2,"message":"Undefined array key \"page\"","file":"C:\\xampp\\htdocs\\wordpress\\wp-content\\plugins\\gallery-videos\\index.php","line":59}

Aug 10 2021 09:14:57
{"Number":8,"Message":"ob_end_flush(): Failed to delete and flush buffer. No buffer to delete or flush","File":"C:\\xampp\\htdocs\\wordpress\\wp-content\\plugins\\relative-url\\relative-url.php","Line":133}

Aug 10 2021 09:14:57
{"type":2,"message":"Undefined array key \"page\"","file":"C:\\xampp\\htdocs\\wordpress\\wp-content\\plugins\\gallery-videos\\index.php","line":59}

Aug 10 2021 09:14:58
{"Number":8,"Message":"ob_end_flush(): Failed to delete and flush buffer. No buffer to delete or flush","File":"C:\\xampp\\htdocs\\wordpress\\wp-content\\plugins\\relative-url\\relative-url.php","Line":133}

Aug 10 2021 09:14:58
{"type":2,"message":"Undefined array key \"page\"","file":"C:\\xampp\\htdocs\\wordpress\\wp-content\\plugins\\gallery-videos\\index.php","line":59}

Aug 10 2021 09:15:00
{"Number":8,"Message":"ob_end_flush(): Failed to delete and flush buffer. No buffer to delete or flush","File":"C:\\xampp\\htdocs\\wordpress\\wp-content\\plugins\\relative-url\\relative-url.php","Line":133}

Aug 10 2021 09:15:00
{"type":2,"message":"Undefined array key \"page\"","file":"C:\\xampp\\htdocs\\wordpress\\wp-content\\plugins\\gallery-videos\\index.php","line":59}

Aug 10 2021 09:15:02
{"Number":8,"Message":"ob_end_flush(): Failed to delete and flush buffer. No buffer to delete or flush","File":"C:\\xampp\\htdocs\\wordpress\\wp-content\\plugins\\relative-url\\relative-url.php","Line":133}

Aug 10 2021 09:15:02
{"type":2,"message":"Undefined array key \"page\"","file":"C:\\xampp\\htdocs\\wordpress\\wp-content\\plugins\\gallery-videos\\index.php","line":59}

Aug 10 2021 09:15:03
{"Number":8,"Message":"ob_end_flush(): Failed to delete and flush buffer. No buffer to delete or flush","File":"C:\\xampp\\htdocs\\wordpress\\wp-content\\plugins\\relative-url\\relative-url.php","Line":133}

Aug 10 2021 09:15:03
{"type":2,"message":"Undefined array key \"page\"","file":"C:\\xampp\\htdocs\\wordpress\\wp-content\\plugins\\gallery-videos\\index.php","line":59}

Aug 10 2021 09:15:06
{"Number":8,"Message":"ob_end_flush(): Failed to delete and flush buffer. No buffer to delete or flush","File":"C:\\xampp\\htdocs\\wordpress\\wp-content\\plugins\\relative-url\\relative-url.php","Line":133}

Aug 10 2021 09:15:06
{"type":2,"message":"Undefined array key \"page\"","file":"C:\\xampp\\htdocs\\wordpress\\wp-content\\plugins\\gallery-videos\\index.php","line":59}

Aug 10 2021 09:15:10
{"Number":8,"Message":"ob_end_flush(): Failed to delete and flush buffer. No buffer to delete or flush","File":"C:\\xampp\\htdocs\\wordpress\\wp-content\\plugins\\relative-url\\relative-url.php","Line":133}

Aug 10 2021 09:15:10
{"type":2,"message":"Undefined array key \"page\"","file":"C:\\xampp\\htdocs\\wordpress\\wp-content\\plugins\\gallery-videos\\index.php","line":59}

Aug 10 2021 09:15:14
{"Number":8,"Message":"ob_end_flush(): Failed to delete and flush buffer. No buffer to delete or flush","File":"C:\\xampp\\htdocs\\wordpress\\wp-content\\plugins\\relative-url\\relative-url.php","Line":133}

Aug 10 2021 09:15:14
{"type":2,"message":"Undefined array key \"page\"","file":"C:\\xampp\\htdocs\\wordpress\\wp-content\\plugins\\gallery-videos\\index.php","line":59}

Aug 10 2021 09:15:15
{"Number":8,"Message":"ob_end_flush(): Failed to delete and flush buffer. No buffer to delete or flush","File":"C:\\xampp\\htdocs\\wordpress\\wp-content\\plugins\\relative-url\\relative-url.php","Line":133}

Aug 10 2021 09:15:15
{"type":2,"message":"Undefined array key \"page\"","file":"C:\\xampp\\htdocs\\wordpress\\wp-content\\plugins\\gallery-videos\\index.php","line":59}

Aug 10 2021 09:15:19
{"Number":8,"Message":"ob_end_flush(): Failed to delete and flush buffer. No buffer to delete or flush","File":"C:\\xampp\\htdocs\\wordpress\\wp-content\\plugins\\relative-url\\relative-url.php","Line":133}

Aug 10 2021 09:15:19
{"type":2,"message":"Undefined array key \"page\"","file":"C:\\xampp\\htdocs\\wordpress\\wp-content\\plugins\\gallery-videos\\index.php","line":59}

Aug 10 2021 09:15:23
{"Number":8,"Message":"ob_end_flush(): Failed to delete and flush buffer. No buffer to delete or flush","File":"C:\\xampp\\htdocs\\wordpress\\wp-content\\plugins\\relative-url\\relative-url.php","Line":133}

Aug 10 2021 09:15:23
{"type":2,"message":"Undefined array key \"page\"","file":"C:\\xampp\\htdocs\\wordpress\\wp-content\\plugins\\gallery-videos\\index.php","line":59}

Aug 10 2021 09:15:25
{"Number":8,"Message":"ob_end_flush(): Failed to delete and flush buffer. No buffer to delete or flush","File":"C:\\xampp\\htdocs\\wordpress\\wp-content\\plugins\\relative-url\\relative-url.php","Line":133}

Aug 10 2021 09:15:25
{"type":2,"message":"Undefined array key \"page\"","file":"C:\\xampp\\htdocs\\wordpress\\wp-content\\plugins\\gallery-videos\\index.php","line":59}

Aug 10 2021 09:15:28
{"Number":8,"Message":"ob_end_flush(): Failed to delete and flush buffer. No buffer to delete or flush","File":"C:\\xampp\\htdocs\\wordpress\\wp-content\\plugins\\relative-url\\relative-url.php","Line":133}

Aug 10 2021 09:15:28
{"type":2,"message":"Undefined array key \"page\"","file":"C:\\xampp\\htdocs\\wordpress\\wp-content\\plugins\\gallery-videos\\index.php","line":59}

Aug 10 2021 09:15:30
{"Number":2,"Message":"rmdir(C:\\xampp\\htdocs\\wordpress\\wp-content\\plugins\\all-in-one-wp-migration\\storage\\joylrjpld12s): Directory not empty","File":"C:\\xampp\\htdocs\\wordpress\\wp-content\\plugins\\all-in-one-wp-migration\\lib\\vendor\\servmask\\filesystem\\class-ai1wm-directory.php","Line":72}

Aug 10 2021 09:15:30
{"Number":8,"Message":"ob_end_flush(): Failed to delete and flush buffer. No buffer to delete or flush","File":"C:\\xampp\\htdocs\\wordpress\\wp-content\\plugins\\relative-url\\relative-url.php","Line":133}

Aug 10 2021 09:15:30
{"type":2,"message":"Undefined array key \"page\"","file":"C:\\xampp\\htdocs\\wordpress\\wp-content\\plugins\\gallery-videos\\index.php","line":59}

Aug 10 2021 09:15:36
{"Number":2,"Message":"filesize(): stat failed for C:\\xampp\\htdocs\\wordpress\\wp-content\\plugins\\all-in-one-wp-migration\\storage\\joylrjpld12s\\192.168.3.216-wordpress-20210810-091447-ykoev9.wpress","File":"C:\\xampp\\htdocs\\wordpress\\wp-content\\plugins\\all-in-one-wp-migration\\lib\\vendor\\servmask\\archiver\\class-ai1wm-archiver.php","Line":231}

Aug 10 2021 09:15:36
{"Number":8,"Message":"ob_end_flush(): Failed to delete and flush buffer. No buffer to delete or flush","File":"C:\\xampp\\htdocs\\wordpress\\wp-content\\plugins\\relative-url\\relative-url.php","Line":133}

Aug 10 2021 09:15:36
{"type":2,"message":"Undefined array key \"page\"","file":"C:\\xampp\\htdocs\\wordpress\\wp-content\\plugins\\gallery-videos\\index.php","line":59}

Aug 10 2021 09:22:55
{"Number":8,"Message":"ob_end_flush(): Failed to delete and flush buffer. No buffer to delete or flush","File":"C:\\xampp\\htdocs\\wordpress\\wp-content\\plugins\\relative-url\\relative-url.php","Line":133}

Aug 10 2021 09:22:55
{"type":2,"message":"Undefined array key \"page\"","file":"C:\\xampp\\htdocs\\wordpress\\wp-content\\plugins\\gallery-videos\\index.php","line":59}

Aug 10 2021 09:23:01
{"Number":8,"Message":"ob_end_flush(): Failed to delete and flush buffer. No buffer to delete or flush","File":"C:\\xampp\\htdocs\\wordpress\\wp-content\\plugins\\relative-url\\relative-url.php","Line":133}

Aug 10 2021 09:23:01
{"type":2,"message":"Undefined array key \"page\"","file":"C:\\xampp\\htdocs\\wordpress\\wp-content\\plugins\\gallery-videos\\index.php","line":59}

Aug 10 2021 09:23:02
{"Number":8,"Message":"ob_end_flush(): Failed to delete and flush buffer. No buffer to delete or flush","File":"C:\\xampp\\htdocs\\wordpress\\wp-content\\plugins\\relative-url\\relative-url.php","Line":133}

Aug 10 2021 09:23:02
{"Number":8,"Message":"ob_end_flush(): Failed to delete and flush buffer. No buffer to delete or flush","File":"C:\\xampp\\htdocs\\wordpress\\wp-content\\plugins\\relative-url\\relative-url.php","Line":133}

Aug 10 2021 09:23:02
{"type":2,"message":"Undefined array key \"page\"","file":"C:\\xampp\\htdocs\\wordpress\\wp-content\\plugins\\gallery-videos\\index.php","line":59}

Aug 10 2021 09:23:02
{"type":2,"message":"Undefined array key \"page\"","file":"C:\\xampp\\htdocs\\wordpress\\wp-content\\plugins\\gallery-videos\\index.php","line":59}

Aug 10 2021 09:23:03
{"Number":8,"Message":"ob_end_flush(): Failed to delete and flush buffer. No buffer to delete or flush","File":"C:\\xampp\\htdocs\\wordpress\\wp-content\\plugins\\relative-url\\relative-url.php","Line":133}

Aug 10 2021 09:23:03
{"type":2,"message":"Undefined array key \"page\"","file":"C:\\xampp\\htdocs\\wordpress\\wp-content\\plugins\\gallery-videos\\index.php","line":59}

Aug 10 2021 09:23:04
{"Number":8,"Message":"ob_end_flush(): Failed to delete and flush buffer. No buffer to delete or flush","File":"C:\\xampp\\htdocs\\wordpress\\wp-content\\plugins\\relative-url\\relative-url.php","Line":133}

Aug 10 2021 09:23:04
{"type":2,"message":"Undefined array key \"page\"","file":"C:\\xampp\\htdocs\\wordpress\\wp-content\\plugins\\gallery-videos\\index.php","line":59}

Aug 10 2021 09:23:06
{"Number":8,"Message":"ob_end_flush(): Failed to delete and flush buffer. No buffer to delete or flush","File":"C:\\xampp\\htdocs\\wordpress\\wp-content\\plugins\\relative-url\\relative-url.php","Line":133}

Aug 10 2021 09:23:06
{"type":2,"message":"Undefined array key \"page\"","file":"C:\\xampp\\htdocs\\wordpress\\wp-content\\plugins\\gallery-videos\\index.php","line":59}

Aug 10 2021 09:23:06
{"Number":8,"Message":"ob_end_flush(): Failed to delete and flush buffer. No buffer to delete or flush","File":"C:\\xampp\\htdocs\\wordpress\\wp-content\\plugins\\relative-url\\relative-url.php","Line":133}

Aug 10 2021 09:23:06
{"type":2,"message":"Undefined array key \"page\"","file":"C:\\xampp\\htdocs\\wordpress\\wp-content\\plugins\\gallery-videos\\index.php","line":59}

Aug 10 2021 09:23:07
{"Number":8,"Message":"ob_end_flush(): Failed to delete and flush buffer. No buffer to delete or flush","File":"C:\\xampp\\htdocs\\wordpress\\wp-content\\plugins\\relative-url\\relative-url.php","Line":133}

Aug 10 2021 09:23:07
{"type":2,"message":"Undefined array key \"page\"","file":"C:\\xampp\\htdocs\\wordpress\\wp-content\\plugins\\gallery-videos\\index.php","line":59}

Aug 10 2021 09:23:10
{"Number":8,"Message":"ob_end_flush(): Failed to delete and flush buffer. No buffer to delete or flush","File":"C:\\xampp\\htdocs\\wordpress\\wp-content\\plugins\\relative-url\\relative-url.php","Line":133}

Aug 10 2021 09:23:10
{"type":2,"message":"Undefined array key \"page\"","file":"C:\\xampp\\htdocs\\wordpress\\wp-content\\plugins\\gallery-videos\\index.php","line":59}

Aug 10 2021 09:23:11
{"Number":8,"Message":"ob_end_flush(): Failed to delete and flush buffer. No buffer to delete or flush","File":"C:\\xampp\\htdocs\\wordpress\\wp-content\\plugins\\relative-url\\relative-url.php","Line":133}

Aug 10 2021 09:23:11
{"type":2,"message":"Undefined array key \"page\"","file":"C:\\xampp\\htdocs\\wordpress\\wp-content\\plugins\\gallery-videos\\index.php","line":59}

Aug 10 2021 09:23:11
{"Number":8,"Message":"ob_end_flush(): Failed to delete and flush buffer. No buffer to delete or flush","File":"C:\\xampp\\htdocs\\wordpress\\wp-content\\plugins\\relative-url\\relative-url.php","Line":133}

Aug 10 2021 09:23:11
{"type":2,"message":"Undefined array key \"page\"","file":"C:\\xampp\\htdocs\\wordpress\\wp-content\\plugins\\gallery-videos\\index.php","line":59}

Aug 10 2021 09:23:13
{"Number":8,"Message":"ob_end_flush(): Failed to delete and flush buffer. No buffer to delete or flush","File":"C:\\xampp\\htdocs\\wordpress\\wp-content\\plugins\\relative-url\\relative-url.php","Line":133}

Aug 10 2021 09:23:13
{"type":2,"message":"Undefined array key \"page\"","file":"C:\\xampp\\htdocs\\wordpress\\wp-content\\plugins\\gallery-videos\\index.php","line":59}

Aug 10 2021 09:23:15
{"Number":8,"Message":"ob_end_flush(): Failed to delete and flush buffer. No buffer to delete or flush","File":"C:\\xampp\\htdocs\\wordpress\\wp-content\\plugins\\relative-url\\relative-url.php","Line":133}

Aug 10 2021 09:23:15
{"type":2,"message":"Undefined array key \"page\"","file":"C:\\xampp\\htdocs\\wordpress\\wp-content\\plugins\\gallery-videos\\index.php","line":59}

Aug 10 2021 09:23:19
{"Number":8,"Message":"ob_end_flush(): Failed to delete and flush buffer. No buffer to delete or flush","File":"C:\\xampp\\htdocs\\wordpress\\wp-content\\plugins\\relative-url\\relative-url.php","Line":133}

Aug 10 2021 09:23:19
{"type":2,"message":"Undefined array key \"page\"","file":"C:\\xampp\\htdocs\\wordpress\\wp-content\\plugins\\gallery-videos\\index.php","line":59}

Aug 10 2021 09:23:23
{"Number":2,"Message":"rmdir(C:\\xampp\\htdocs\\wordpress\\wp-content\\plugins\\all-in-one-wp-migration\\storage\\s34a296k1kuf): Directory not empty","File":"C:\\xampp\\htdocs\\wordpress\\wp-content\\plugins\\all-in-one-wp-migration\\lib\\vendor\\servmask\\filesystem\\class-ai1wm-directory.php","Line":72}

Aug 10 2021 09:23:23
{"Number":8,"Message":"ob_end_flush(): Failed to delete and flush buffer. No buffer to delete or flush","File":"C:\\xampp\\htdocs\\wordpress\\wp-content\\plugins\\relative-url\\relative-url.php","Line":133}

Aug 10 2021 09:23:23
{"type":2,"message":"Undefined array key \"page\"","file":"C:\\xampp\\htdocs\\wordpress\\wp-content\\plugins\\gallery-videos\\index.php","line":59}

Aug 10 2021 09:23:24
{"Number":2,"Message":"filesize(): stat failed for C:\\xampp\\htdocs\\wordpress\\wp-content\\plugins\\all-in-one-wp-migration\\storage\\s34a296k1kuf\\192.168.3.216-wordpress-20210810-092301-j30cuv.wpress","File":"C:\\xampp\\htdocs\\wordpress\\wp-content\\plugins\\all-in-one-wp-migration\\lib\\vendor\\servmask\\archiver\\class-ai1wm-archiver.php","Line":231}

Aug 10 2021 09:23:24
{"Number":8,"Message":"ob_end_flush(): Failed to delete and flush buffer. No buffer to delete or flush","File":"C:\\xampp\\htdocs\\wordpress\\wp-content\\plugins\\relative-url\\relative-url.php","Line":133}

Aug 10 2021 09:23:24
{"type":2,"message":"Undefined array key \"page\"","file":"C:\\xampp\\htdocs\\wordpress\\wp-content\\plugins\\gallery-videos\\index.php","line":59}

